
Logfile opened on Fri Aug 18 12:16:32 2023


Current language: english
Current fs_basepath: /home/noob/cod4
Current fs_homepath: /home/noob/cod4
Current search path:
/home/noob/cod4/mods/opencj/z_opencj.iwd (32 files)
/home/noob/cod4/mods/opencj
/home/noob/cod4/main/iw_13.iwd (265 files)
/home/noob/cod4/main/iw_12.iwd (33 files)
/home/noob/cod4/main/iw_11.iwd (448 files)
/home/noob/cod4/main/iw_10.iwd (230 files)
/home/noob/cod4/main/iw_09.iwd (447 files)
/home/noob/cod4/main/iw_08.iwd (66 files)
/home/noob/cod4/main/iw_07.iwd (34 files)
/home/noob/cod4/main/iw_06.iwd (416 files)
/home/noob/cod4/main/iw_05.iwd (716 files)
/home/noob/cod4/main/iw_04.iwd (765 files)
/home/noob/cod4/main/iw_03.iwd (670 files)
/home/noob/cod4/main/iw_02.iwd (1296 files)
/home/noob/cod4/main/iw_01.iwd (1456 files)
/home/noob/cod4/main/iw_00.iwd (1054 files)
/home/noob/cod4/main
/home/noob/cod4/main_shared
/home/noob/cod4/players
/home/noob/cod4/main/localized_english_iw99.iwd (36 files)
    localized assets iwd file for english

File Handles:
handle 1: qconsole.log
----------------------
7964 files in iwd files
execing default_mp.cfg
execing default_mp_controls.cfg
execing default_mp_gamesettings.cfg
execing server_map.cfg
fs_homepath is write protected.
fs_game is write protected.
dedicated is write protected.
net_port will be changed upon restarting.
fs_basepath is write protected.
-------- Plugins initialization completed --------
QUERY LIMIT: Querylimiting is enabled
Master0: cod4master.cod4x.ovh
Resolving cod4master.cod4x.ovh 
cod4master.cod4x.ovh resolved to 188.165.57.239:20810
cod4master.cod4x.ovh resolved to [2001:41d0:a:37ad::17]:20810
Master1: cod4master.ax-servers.hu
Resolving cod4master.ax-servers.hu 
cod4master.ax-servers.hu resolved to 84.21.7.14:20810
cod4master.ax-servers.hu resolved to [2a02:730:1220::187]:20810
[S_API] Initialization completed
^2Couldn't open nvconfig_v2.dat for reading
begin $init
end $init 1 ms
Adding fastfile 'code_post_gfx_mp' to queue
Adding fastfile 'localized_code_post_gfx_mp' to queue
Adding fastfile 'common_mp' to queue
Adding fastfile 'mod' to queue
--- Common Initialization Complete ---
Hunk available: 10, Hunk total: 10
^2Checking if the plugin is not already loaded...
^2Checking if the plugin file exists and is of correct format...
^2Parsing plugin function names...
^2Done parsing plugin function names.
^2Loading the plugin .so...
^2Plugin OK! Loading...
^2Fetching plugin information...
^2Executing plugin's OnInit...
Adding a plugin script method for plugin 0, command name: addVelocity.
Adding a plugin script method for plugin 0, command name: getip.
Adding a plugin script method for plugin 0, command name: getQueuedReliableMessages.
Adding a plugin script method for plugin 0, command name: issprinting.
Adding a plugin script method for plugin 0, command name: client_download.
Adding a plugin script function for plugin 0, command name: getAscii.
Adding a plugin script function for plugin 0, command name: sprintf.
Adding a plugin script function for plugin 0, command name: add_language.
Adding a plugin script function for plugin 0, command name: load_languages.
Adding a plugin script function for plugin 0, command name: get_language_item.
Adding a plugin script function for plugin 0, command name: file_exists.
Adding a plugin script function for plugin 0, command name: Cmd_ExecuteString.
Adding a plugin script function for plugin 0, command name: printf.
Adding a plugin script function for plugin 0, command name: fopen.
Adding a plugin script function for plugin 0, command name: fread.
Adding a plugin script function for plugin 0, command name: fclose.
Adding a plugin script function for plugin 0, command name: G_FindConfigstringIndex.
Adding a plugin script function for plugin 0, command name: sendGameServerCommand.
Adding a plugin script function for plugin 0, command name: gethex.
Adding a plugin script function for plugin 0, command name: stringtofloat.
Adding a plugin script function for plugin 0, command name: renice.
Adding a plugin script function for plugin 0, command name: forcedlcvars.
Plugin libcod4_1_8x loaded successfully. Server is currently running 1 plugins.
Loading fastfile 'code_post_gfx_mp'
used 0.47 MB memory in DB alloc
couldn't exec server.cfg
^2Couldn't open nvconfig_v2.dat for reading
Waited 2 msec for asset 'maps/mp/gametypes/_gametypes.txt' of type 'rawfile'.
Loaded fastfile 'code_post_gfx_mp' in 4ms (0ms waiting)
Loading fastfile 'localized_code_post_gfx_mp'
used 0.69 MB memory in DB alloc
Loaded fastfile 'localized_code_post_gfx_mp' in 10ms (0ms waiting)
Loading fastfile 'common_mp'
used 39.00 MB memory in DB alloc
Loaded fastfile 'common_mp' in 222ms (0ms waiting)
Loading fastfile 'mod'
used 14.80 MB memory in DB alloc
Loaded fastfile 'mod' in 55ms (0ms waiting)
------ Server Initialization ------
Server: mp_the_extreme
SV_SpawnServer checksum feed: 0x9bf4c4d
Current language: english
Current fs_basepath: /home/noob/cod4
Current fs_homepath: /home/noob/cod4
Current search path:
/home/noob/cod4/mods/opencj/z_opencj.iwd (32 files)
/home/noob/cod4/mods/opencj
/home/noob/cod4/usermaps/mp_the_extreme/mp_the_extreme.iwd (127 files)
/home/noob/cod4/usermaps/mp_the_extreme
/home/noob/cod4/main/iw_13.iwd (265 files)
/home/noob/cod4/main/iw_12.iwd (33 files)
/home/noob/cod4/main/iw_11.iwd (448 files)
/home/noob/cod4/main/iw_10.iwd (230 files)
/home/noob/cod4/main/iw_09.iwd (447 files)
/home/noob/cod4/main/iw_08.iwd (66 files)
/home/noob/cod4/main/iw_07.iwd (34 files)
/home/noob/cod4/main/iw_06.iwd (416 files)
/home/noob/cod4/main/iw_05.iwd (716 files)
/home/noob/cod4/main/iw_04.iwd (765 files)
/home/noob/cod4/main/iw_03.iwd (670 files)
/home/noob/cod4/main/iw_02.iwd (1296 files)
/home/noob/cod4/main/iw_01.iwd (1456 files)
/home/noob/cod4/main/iw_00.iwd (1054 files)
/home/noob/cod4/main
/home/noob/cod4/main_shared
/home/noob/cod4/players
/home/noob/cod4/main/localized_english_iw99.iwd (36 files)
    localized assets iwd file for english

File Handles:
handle 1: qconsole.log
----------------------
8091 files in iwd files
Adding fastfile 'mp_the_extreme' to queue
Loading fastfile 'mp_the_extreme'
used 28.88 MB memory in DB alloc
Waited 396 msec for asset 'maps/mp/mp_the_extreme.d3dbsp' of type 'col_map_mp'.
------- Game Initialization -------
gamename: Call of Duty 4
gamedate: Feb 12 2009
^2----------------------
^2Game: G_SetupWeaponDef
^2----------------------
fs_ignoreLocalized is cheat protected.
fs_ignoreLocalized is cheat protected.
^3Warning: Scr_AddFunction: printf already defined
Loaded fastfile 'mp_the_extreme' in 431ms (0ms waiting)
^2Notice: Could not find label 'CodeCallback_ScriptCommand' in script 'maps/mp/gametypes/_callbacksetup' - this part will be disabled
^2c4_mp: WEAPON_C4
^2flash_grenade_mp: WEAPON_FLASHGRENADE
-----------------------------------
^3Warning: WARNING: unknown cvar 'bg_shock_volume_physics' in file 'shock/default.shock'
^3Warning: WARNING: unknown cvar 'bg_shock_volume_auto' in file 'shock/default.shock'
^3Warning: WARNING: unknown cvar 'bg_shock_volume_auto2' in file 'shock/default.shock'
^3Warning: WARNING: unknown cvar 'bg_shock_volume_autodog' in file 'shock/default.shock'
^3Warning: WARNING: unknown cvar 'bg_shock_volume_bulletimpact' in file 'shock/default.shock'
^3Warning: WARNING: unknown cvar 'bg_shock_volume_bulletwhizby' in file 'shock/default.shock'
^3Warning: WARNING: unknown cvar 'bg_shock_volume_element' in file 'shock/default.shock'
^3Warning: WARNING: unknown cvar 'bg_shock_volume_auto2d' in file 'shock/default.shock'
^3Warning: WARNING: unknown cvar 'bg_shock_volume_vehicle' in file 'shock/default.shock'
^3Warning: WARNING: unknown cvar 'bg_shock_volume_vehiclelimited' in file 'shock/default.shock'
^3Warning: WARNING: unknown cvar 'bg_shock_volume_menu' in file 'shock/default.shock'
^3Warning: WARNING: unknown cvar 'bg_shock_volume_body' in file 'shock/default.shock'
^3Warning: WARNING: unknown cvar 'bg_shock_volume_body2d' in file 'shock/default.shock'
^3Warning: WARNING: unknown cvar 'bg_shock_volume_reload' in file 'shock/default.shock'
^3Warning: WARNING: unknown cvar 'bg_shock_volume_reload2d' in file 'shock/default.shock'
^3Warning: WARNING: unknown cvar 'bg_shock_volume_item' in file 'shock/default.shock'
^3Warning: WARNING: unknown cvar 'bg_shock_volume_effects1' in file 'shock/default.shock'
^3Warning: WARNING: unknown cvar 'bg_shock_volume_effects2' in file 'shock/default.shock'
^3Warning: WARNING: unknown cvar 'bg_shock_volume_weapon' in file 'shock/default.shock'
^3Warning: WARNING: unknown cvar 'bg_shock_volume_weapon2d' in file 'shock/default.shock'
^3Warning: WARNING: unknown cvar 'bg_shock_volume_nonshock' in file 'shock/default.shock'
^3Warning: WARNING: unknown cvar 'bg_shock_volume_voice' in file 'shock/default.shock'
^3Warning: WARNING: unknown cvar 'bg_shock_volume_local' in file 'shock/default.shock'
^3Warning: WARNING: unknown cvar 'bg_shock_volume_local2' in file 'shock/default.shock'
^3Warning: WARNING: unknown cvar 'bg_shock_volume_ambient' in file 'shock/default.shock'
^3Warning: WARNING: unknown cvar 'bg_shock_volume_hurt' in file 'shock/default.shock'
^3Warning: WARNING: unknown cvar 'bg_shock_volume_player1' in file 'shock/default.shock'
^3Warning: WARNING: unknown cvar 'bg_shock_volume_player2' in file 'shock/default.shock'
^3Warning: WARNING: unknown cvar 'bg_shock_volume_music' in file 'shock/default.shock'
^3Warning: WARNING: unknown cvar 'bg_shock_volume_musicnopause' in file 'shock/default.shock'
^3Warning: WARNING: unknown cvar 'bg_shock_volume_mission' in file 'shock/default.shock'
^3Warning: WARNING: unknown cvar 'bg_shock_volume_announcer' in file 'shock/default.shock'
^3Warning: WARNING: unknown cvar 'bg_shock_volume_shellshock' in file 'shock/default.shock'
clientSideEffects is read only.
By using this software you agree to the usage conditions you can find at https://github.com/callofduty4x/CoD4x_Server#usage-conditions-for-server-hosters
-----------------------------------
^4Calculate referenced files checksums...
^4CRC32 for usermaps/mp_the_extreme/mp_the_extreme.iwd is c36131ef Len 59559037
^4CRC32 for mods/opencj/z_opencj.iwd is 35285612 Len 442156
^4CRC32 for main/iw_11.iwd is e9cf411f Len 151420446
^4CRC32 for zone/english/code_post_gfx_mp.ff is b144581c Len 89196
^4CRC32 for zone/english/common_mp.ff is 4ef7a074 Len 13517381
^4CRC32 for mods/opencj/mod.ff is ee1e6cd8 Len 885241
^4CRC32 for usermaps/mp_the_extreme/mp_the_extreme.ff is 75cab935 Len 26936012
^4CRC32 for usermaps/mp_the_extreme/mp_the_extreme_load.ff is 823454ea Len 273
Resolving cod4master.activision.com 
Sending master heartbeat from 0.0.0.0:28962 to 84.21.7.14:20810
cod4master.activision.com resolved to 185.34.107.159:20810
Sending master heartbeat from 0.0.0.0:28962 to 188.165.57.239:20810
^5Hitch warning: 1367 msec frame time
Masterserver needs token to complete registration
Sending master heartbeat from [::]:28962 to [2001:41d0:a:37ad::17]:20810
^3Warning: NET_TCPOpenConnection: connect error: Network is unreachable
Masterserver needs token to complete registration
Sending master heartbeat from [::]:28962 to [2a02:730:1220::187]:20810
^3Warning: NET_TCPOpenConnection: connect error: Network is unreachable
^2SV packet 185.34.107.159:20810: getchallenge 1642732706
Resolving cod4master.activision.com
cod4master.activision.com resolved to 185.34.107.159:20800
^2SV packet 185.34.107.159:20810: getstatus 1642732706
^2SV packet 80.169.196.174:28960: getchallenge 0 "8b5dcf0de46836e9f60e35b458b554fb"
^2SV packet 80.169.196.174:28960: connect "\pbguid\8b5dcf0de46836e9f60e35b458b554fb\xver\21.1\qport\-14882\challenge\-204342186\protocol\21\cg_predictItems\1\cl_anonymous\0\cl_punkbuster\0\cl_voice\0\cl_wwwDownload\1\com_maxfps\333\password\opencjpass\rate\24999\snaps\20\name\3xP' Noob"
Going from CS_FREE to CS_CONNECTED for 3xP' Noob num 0 from: 80.169.196.174:28960<=>0.0.0.0:28962
Steam: Server failed to connect. Is your sv_steamserverlogintoken still valid?
Sending master heartbeat from 0.0.0.0:28962 to 188.165.57.239:20810
Sending master heartbeat from 0.0.0.0:28962 to 84.21.7.14:20810
sv_authtoken is invalid! Abandoning master server registration
Sending master heartbeat from [::]:28962 to [2001:41d0:a:37ad::17]:20810
^3Warning: NET_TCPOpenConnection: connect error: Network is unreachable
sv_authtoken is invalid! Abandoning master server registration
Sending master heartbeat from [::]:28962 to [2a02:730:1220::187]:20810
^3Warning: NET_TCPOpenConnection: connect error: Network is unreachable
^2SV_ExecuteReliableMessage() cmd: 8
^2^2Processed 71 bytes for client 3xP' Noob
^2SV_ExecuteReliableMessage() cmd: 8
^2Info: Client has Steam installed but it isn't running.
^2^2Processed 6 bytes for client 3xP' Noob
^2SV_ExecuteReliableMessage() cmd: 9
Received packet 0 of stats data
^2^2Processed 8201 bytes for client 3xP' Noob
^2SV_SendClientGameState() for 3xP' Noob
^2Going from CS_CONNECTED to CS_PRIMED for 3xP' Noob
^2Sending 35145 bytes in gamestate to client: 0
^2SV packet 94.245.181.21:28960: getinfo xxx
Steam: Server failed to connect. Is your sv_steamserverlogintoken still valid?
^2clientCommand: 3xP' Noob : 1 : cp @ L0 257 604124654 -1353241155 -1616284390 1162305814 1942046174 136397943 1358444089 1949145206 -661201003 535407532 -1065393543 636652071 -1828171683 -822008769 2043283455 # code_post_gfx_mp -2123709916 localized_code_post_gfx_mp -1541823225 mod -1139465611 common_mp 1081330565 localized_common_mp 1091218866 mp_the_extreme_load -1485109902 mp_the_extreme -168440401 -1020352522
Bad checksum -1616284390 Localization: 0
My name: 3xP' Noob My cp: cp @ L0 257 604124654 -1353241155 -1616284390 1162305814 1942046174 136397943 1358444089 1949145206 -661201003 535407532 -1065393543 636652071 -1828171683 -822008769 2043283455 # code_post_gfx_mp -2123709916 localized_code_post_gfx_mp -1541823225 mod -1139465611 common_mp 1081330565 localized_common_mp 1091218866 mp_the_extreme_load -1485109902 mp_the_extreme -168440401 -1020352522
^2Going from CS_PRIMED to CS_ACTIVE for 3xP' Noob
playerInformation query:
SELECT playerID, adminLevel, IF(mutedUntil < NOW(), NULL, TIMESTAMPDIFF(SECOND, NOW(), mutedUntil)) FROM playerInformation WHERE playerID = (SELECT getPlayerID(1040316261, 2033932784, 916306375, -1085096333))
Country query:
SELECT getCountry(INET_ATON('80.169.196.174'))
^2clientCommand: 3xP' Noob : 2 : userinfo "\cg_predictItems\1\cl_anonymous\0\cl_punkbuster\0\cl_voice\0\cl_wwwDownload\1\com_maxfps\333\password\opencjpass\rate\24999\snaps\20\name\3xP' Noob"
getRecords query:
SELECT c.playerName, b.timePlayed FROM (SELECT timePlayed, runID, playerID FROM (SELECT  @prev := '') init JOIN (SELECT playerID != @prev AS first, @prev := playerID, timePlayed, runID, playerID FROM (SELECT cs.timePlayed, pr.runID, pr.playerID FROM checkpointStatistics cs INNER JOIN playerRuns pr ON pr.runID = cs.runID WHERE cs.cpID IN (NULL, 30310, 30329, 30354) AND pr.finishcpID IS NOT NULL AND cs.runID != 4778) a ORDER BY playerID, timePlayed ASC) x WHERE first ORDER BY timePlayed ASC LIMIT 10) b INNER JOIN playerInformation c ON c.playerID = b.playerID
Steam: Server failed to connect. Is your sv_steamserverlogintoken still valid?
^2clientCommand: 3xP' Noob : 3 : say "!smallcrosshair"

3xP' Noob is trying to executing command: "smallcrosshair"
setPlayerSetting query:
CALL setPlayerSetting(25, 'smallcrosshair', '0')
getRecords query:
SELECT c.playerName, b.timePlayed FROM (SELECT timePlayed, runID, playerID FROM (SELECT  @prev := '') init JOIN (SELECT playerID != @prev AS first, @prev := playerID, timePlayed, runID, playerID FROM (SELECT cs.timePlayed, pr.runID, pr.playerID FROM checkpointStatistics cs INNER JOIN playerRuns pr ON pr.runID = cs.runID WHERE cs.cpID IN (NULL, 30310, 30329, 30354) AND pr.finishcpID IS NOT NULL AND cs.runID != 4778) a ORDER BY playerID, timePlayed ASC) x WHERE first ORDER BY timePlayed ASC LIMIT 10) b INNER JOIN playerInformation c ON c.playerID = b.playerID
^2clientCommand: 3xP' Noob : 4 : say "!smallcrosshair"

3xP' Noob is trying to executing command: "smallcrosshair"
setPlayerSetting query:
CALL setPlayerSetting(25, 'smallcrosshair', '1')
^2SV packet 37.112.56.160:53271: getinfo xxx
^2SV packet 101.2.177.178:35470: getinfo xxx
^2SV packet 78.46.106.94:36917: getstatus
^2SV packet 5.77.31.72:41693: getinfo xxx
^2SV packet 37.239.78.63:28960: getinfo xxx
^2SV packet 41.85.163.74:9158: getinfo xxx
^2SV packet 5.77.31.72:41693: getinfo xxx
^2SV packet 182.186.108.93:28960: getinfo xxx
Steam: Server failed to connect. Is your sv_steamserverlogintoken still valid?
^2SV packet 49.181.152.172:17506: getinfo xxx
Steam: Server connected successfully
GameServer is not VAC Secure!
GameServer SteamID: [A:1:1533678617]
^2SV packet 182.186.108.93:28960: getinfo xxx
^2SV packet 85.15.80.232:28960: getinfo xxx
^2SV packet 182.186.108.93:28960: getinfo xxx
^2SV packet 39.43.226.11:28960: getinfo xxx
^2SV packet 182.186.108.93:28960: getinfo xxx
^2SV packet 188.146.116.64:33711: getinfo xxx
^2SV packet 182.186.108.93:28960: getinfo xxx
^2SV packet 5.77.31.72:41693: getinfo xxx
^2Couldn't open nvconfig_v2.dat for reading
==== ShutdownGame (1) ====
^2SV_FreeClientScriptId: 0, 1488 -> 0
^2SV_FreeClientScriptPers: 0, 0 -> 1488
------ Server Initialization ------
Server: mp_the_extreme
SV_SpawnServer checksum feed: 0x30b86455
Current language: english
Current fs_basepath: /home/noob/cod4
Current fs_homepath: /home/noob/cod4
Current search path:
/home/noob/cod4/mods/opencj/z_opencj.iwd (32 files)
/home/noob/cod4/mods/opencj
/home/noob/cod4/usermaps/mp_the_extreme/mp_the_extreme.iwd (127 files)
/home/noob/cod4/usermaps/mp_the_extreme
/home/noob/cod4/main/iw_13.iwd (265 files)
/home/noob/cod4/main/iw_12.iwd (33 files)
/home/noob/cod4/main/iw_11.iwd (448 files)
/home/noob/cod4/main/iw_10.iwd (230 files)
/home/noob/cod4/main/iw_09.iwd (447 files)
/home/noob/cod4/main/iw_08.iwd (66 files)
/home/noob/cod4/main/iw_07.iwd (34 files)
/home/noob/cod4/main/iw_06.iwd (416 files)
/home/noob/cod4/main/iw_05.iwd (716 files)
/home/noob/cod4/main/iw_04.iwd (765 files)
/home/noob/cod4/main/iw_03.iwd (670 files)
/home/noob/cod4/main/iw_02.iwd (1296 files)
/home/noob/cod4/main/iw_01.iwd (1456 files)
/home/noob/cod4/main/iw_00.iwd (1054 files)
/home/noob/cod4/main
/home/noob/cod4/main_shared
/home/noob/cod4/players
/home/noob/cod4/main/localized_english_iw99.iwd (36 files)
    localized assets iwd file for english

File Handles:
handle 1: qconsole.log
handle 3: enterleave.log
----------------------
8091 files in iwd files
Unloading assets from fastfile 'mp_the_extreme' and creating default assets stubs
Unloaded fastfile 'mp_the_extreme'
PMem_Free( mp_the_extreme, Low )
^2freed 4067.11
PMem_Free( mp_the_extreme, High )
Adding fastfile 'mp_the_extreme' to queue
Loading fastfile 'mp_the_extreme'
used 28.88 MB memory in DB alloc
Waited 339 msec for asset 'maps/mp/mp_the_extreme.d3dbsp' of type 'col_map_mp'.
------- Game Initialization -------
gamename: Call of Duty 4
gamedate: Feb 12 2009
^2----------------------
^2Game: G_SetupWeaponDef
^2----------------------
fs_ignoreLocalized is cheat protected.
fs_ignoreLocalized is cheat protected.
Loaded fastfile 'mp_the_extreme' in 370ms (0ms waiting)
^2Notice: Could not find label 'CodeCallback_ScriptCommand' in script 'maps/mp/gametypes/_callbacksetup' - this part will be disabled
^2c4_mp: WEAPON_C4
^2flash_grenade_mp: WEAPON_FLASHGRENADE
-----------------------------------
gsc_mysql_async_initializer() async mysql already initialized. Returning before adding additional connections
^3Warning: WARNING: unknown cvar 'bg_shock_volume_physics' in file 'shock/default.shock'
^3Warning: WARNING: unknown cvar 'bg_shock_volume_auto' in file 'shock/default.shock'
^3Warning: WARNING: unknown cvar 'bg_shock_volume_auto2' in file 'shock/default.shock'
^3Warning: WARNING: unknown cvar 'bg_shock_volume_autodog' in file 'shock/default.shock'
^3Warning: WARNING: unknown cvar 'bg_shock_volume_bulletimpact' in file 'shock/default.shock'
^3Warning: WARNING: unknown cvar 'bg_shock_volume_bulletwhizby' in file 'shock/default.shock'
^3Warning: WARNING: unknown cvar 'bg_shock_volume_element' in file 'shock/default.shock'
^3Warning: WARNING: unknown cvar 'bg_shock_volume_auto2d' in file 'shock/default.shock'
^3Warning: WARNING: unknown cvar 'bg_shock_volume_vehicle' in file 'shock/default.shock'
^3Warning: WARNING: unknown cvar 'bg_shock_volume_vehiclelimited' in file 'shock/default.shock'
^3Warning: WARNING: unknown cvar 'bg_shock_volume_menu' in file 'shock/default.shock'
^3Warning: WARNING: unknown cvar 'bg_shock_volume_body' in file 'shock/default.shock'
^3Warning: WARNING: unknown cvar 'bg_shock_volume_body2d' in file 'shock/default.shock'
^3Warning: WARNING: unknown cvar 'bg_shock_volume_reload' in file 'shock/default.shock'
^3Warning: WARNING: unknown cvar 'bg_shock_volume_reload2d' in file 'shock/default.shock'
^3Warning: WARNING: unknown cvar 'bg_shock_volume_item' in file 'shock/default.shock'
^3Warning: WARNING: unknown cvar 'bg_shock_volume_effects1' in file 'shock/default.shock'
^3Warning: WARNING: unknown cvar 'bg_shock_volume_effects2' in file 'shock/default.shock'
^3Warning: WARNING: unknown cvar 'bg_shock_volume_weapon' in file 'shock/default.shock'
^3Warning: WARNING: unknown cvar 'bg_shock_volume_weapon2d' in file 'shock/default.shock'
^3Warning: WARNING: unknown cvar 'bg_shock_volume_nonshock' in file 'shock/default.shock'
^3Warning: WARNING: unknown cvar 'bg_shock_volume_voice' in file 'shock/default.shock'
^3Warning: WARNING: unknown cvar 'bg_shock_volume_local' in file 'shock/default.shock'
^3Warning: WARNING: unknown cvar 'bg_shock_volume_local2' in file 'shock/default.shock'
^3Warning: WARNING: unknown cvar 'bg_shock_volume_ambient' in file 'shock/default.shock'
^3Warning: WARNING: unknown cvar 'bg_shock_volume_hurt' in file 'shock/default.shock'
^3Warning: WARNING: unknown cvar 'bg_shock_volume_player1' in file 'shock/default.shock'
^3Warning: WARNING: unknown cvar 'bg_shock_volume_player2' in file 'shock/default.shock'
^3Warning: WARNING: unknown cvar 'bg_shock_volume_music' in file 'shock/default.shock'
^3Warning: WARNING: unknown cvar 'bg_shock_volume_musicnopause' in file 'shock/default.shock'
^3Warning: WARNING: unknown cvar 'bg_shock_volume_mission' in file 'shock/default.shock'
^3Warning: WARNING: unknown cvar 'bg_shock_volume_announcer' in file 'shock/default.shock'
^3Warning: WARNING: unknown cvar 'bg_shock_volume_shellshock' in file 'shock/default.shock'
clientSideEffects is read only.
By using this software you agree to the usage conditions you can find at https://github.com/callofduty4x/CoD4x_Server#usage-conditions-for-server-hosters
-----------------------------------
^4Calculate referenced files checksums...
^4CRC32 for usermaps/mp_the_extreme/mp_the_extreme.iwd is c36131ef Len 59559037
^4CRC32 for mods/opencj/z_opencj.iwd is 35285612 Len 442156
^4CRC32 for main/iw_11.iwd is e9cf411f Len 151420446
^4CRC32 for zone/english/code_post_gfx_mp.ff is b144581c Len 89196
^4CRC32 for zone/english/common_mp.ff is 4ef7a074 Len 13517381
^4CRC32 for mods/opencj/mod.ff is ee1e6cd8 Len 885241
^4CRC32 for usermaps/mp_the_extreme/mp_the_extreme.ff is 75cab935 Len 26936012
^4CRC32 for usermaps/mp_the_extreme/mp_the_extreme_load.ff is 823454ea Len 273
^5Hitch warning: 889 msec frame time
Sending master heartbeat from 0.0.0.0:28962 to 188.165.57.239:20810
Sending master heartbeat from 0.0.0.0:28962 to 84.21.7.14:20810
sv_authtoken is invalid! Abandoning master server registration
Sending master heartbeat from [::]:28962 to [2001:41d0:a:37ad::17]:20810
^3Warning: NET_TCPOpenConnection: connect error: Network is unreachable
sv_authtoken is invalid! Abandoning master server registration
Sending master heartbeat from [::]:28962 to [2a02:730:1220::187]:20810
^3Warning: NET_TCPOpenConnection: connect error: Network is unreachable
^2SV packet 182.186.108.93:28960: getinfo xxx
^2SV packet 47.17.53.120:28960: getinfo xxx
^2SV_ExecuteReliableMessage() cmd: 9
Received packet 0 of stats data
^2^2Processed 8201 bytes for client 3xP' Noob
^2SV_SendClientGameState() for 3xP' Noob
^2Going from CS_CONNECTED to CS_PRIMED for 3xP' Noob
^2Sending 35169 bytes in gamestate to client: 0
^2SV packet 203.215.167.248:28960: getinfo xxx
^2clientCommand: 3xP' Noob : 5 : cp @ L0 172290 -752241187 2108933184 -1103784839 -1599007104 1550168992 -1756726486 -1762830441 2033500542 -292175287 -2136014372 1669155577 -613370322 1030400109 1858693548 566507487 # code_post_gfx_mp -638900093 localized_code_post_gfx_mp -1282409487 mod -1139465611 common_mp 1081330565 localized_common_mp 1091218866 mp_the_extreme_load -1485109902 mp_the_extreme -168440401 -1254212673
Bad checksum -1103784839 Localization: 0
My name: 3xP' Noob My cp: cp @ L0 172290 -752241187 2108933184 -1103784839 -1599007104 1550168992 -1756726486 -1762830441 2033500542 -292175287 -2136014372 1669155577 -613370322 1030400109 1858693548 566507487 # code_post_gfx_mp -638900093 localized_code_post_gfx_mp -1282409487 mod -1139465611 common_mp 1081330565 localized_common_mp 1091218866 mp_the_extreme_load -1485109902 mp_the_extreme -168440401 -1254212673
^2Going from CS_PRIMED to CS_ACTIVE for 3xP' Noob
playerInformation query:
SELECT playerID, adminLevel, IF(mutedUntil < NOW(), NULL, TIMESTAMPDIFF(SECOND, NOW(), mutedUntil)) FROM playerInformation WHERE playerID = (SELECT getPlayerID(1040316261, 2033932784, 916306375, -1085096333))
Country query:
SELECT getCountry(INET_ATON('80.169.196.174'))
^2clientCommand: 3xP' Noob : 6 : userinfo "\cg_predictItems\1\cl_anonymous\0\cl_punkbuster\0\cl_voice\0\cl_wwwDownload\1\com_maxfps\333\password\opencjpass\rate\24999\snaps\20\name\3xP' Noob"
getRecords query:
SELECT c.playerName, b.timePlayed FROM (SELECT timePlayed, runID, playerID FROM (SELECT  @prev := '') init JOIN (SELECT playerID != @prev AS first, @prev := playerID, timePlayed, runID, playerID FROM (SELECT cs.timePlayed, pr.runID, pr.playerID FROM checkpointStatistics cs INNER JOIN playerRuns pr ON pr.runID = cs.runID WHERE cs.cpID IN (NULL, 30310, 30329, 30354) AND pr.finishcpID IS NOT NULL AND cs.runID != 4779) a ORDER BY playerID, timePlayed ASC) x WHERE first ORDER BY timePlayed ASC LIMIT 10) b INNER JOIN playerInformation c ON c.playerID = b.playerID
getRecords query:
SELECT c.playerName, b.timePlayed FROM (SELECT timePlayed, runID, playerID FROM (SELECT  @prev := '') init JOIN (SELECT playerID != @prev AS first, @prev := playerID, timePlayed, runID, playerID FROM (SELECT cs.timePlayed, pr.runID, pr.playerID FROM checkpointStatistics cs INNER JOIN playerRuns pr ON pr.runID = cs.runID WHERE cs.cpID IN (NULL, 30310, 30329, 30354) AND pr.finishcpID IS NOT NULL AND cs.runID != 4779) a ORDER BY playerID, timePlayed ASC) x WHERE first ORDER BY timePlayed ASC LIMIT 10) b INNER JOIN playerInformation c ON c.playerID = b.playerID
^2SV packet 39.148.229.105:59785: getinfo xxx
^2clientCommand: 3xP' Noob : 7 : mr 172290 -1 save
savePosition query:
SELECT savePosition(4779, 1, -3623.130127, -334.400421, 4096.125, 2, -179, 0, 2550, 1, 0, 0, 0, 0, NULL, 'mix', 0, NULL, NULL)
^2clientCommand: 3xP' Noob : 8 : mr 172290 -1 load
^2SV packet 156.211.107.172:8386: getinfo xxx
^2clientCommand: 3xP' Noob : 9 : mr 172290 -1 load
^2clientCommand: 3xP' Noob : 10 : say "!smallcrosshair"

3xP' Noob is trying to executing command: "smallcrosshair"
setPlayerSetting query:
CALL setPlayerSetting(25, 'smallcrosshair', '0')
^2clientCommand: 3xP' Noob : 11 : say "!smallcrosshair"

3xP' Noob is trying to executing command: "smallcrosshair"
setPlayerSetting query:
CALL setPlayerSetting(25, 'smallcrosshair', '1')
^2clientCommand: 3xP' Noob : 12 : mr 172290 -1 suicide
^2clientCommand: 3xP' Noob : 13 : mr 172290 -1 save
savePosition query:
SELECT savePosition(4779, 1, -4443.931641, -1226.636475, 4096.125, 5, -154, 0, 13450, 2, 2, 0, 0, 0, NULL, 'mix', 0, NULL, NULL)
^2clientCommand: 3xP' Noob : 14 : mr 172290 -1 load
^2SV packet 94.174.9.5:28960: getinfo xxx
^2SV packet 5.77.31.72:41693: getinfo xxx
^2SV packet 41.85.163.74:9159: getinfo xxx
^2SV packet 188.244.210.40:28960: getinfo xxx
^2SV packet 51.198.88.211:28960: getinfo xxx
^2SV packet 188.244.210.40:28960: getinfo xxx
^2SV packet 151.238.183.50:28960: getinfo xxx
^2Couldn't open nvconfig_v2.dat for reading
==== ShutdownGame (1) ====
^2SV_FreeClientScriptId: 0, 1488 -> 0
^2SV_FreeClientScriptPers: 0, 0 -> 1488
------ Server Initialization ------
Server: mp_the_extreme
SV_SpawnServer checksum feed: 0x5398d7cb
Current language: english
Current fs_basepath: /home/noob/cod4
Current fs_homepath: /home/noob/cod4
Current search path:
/home/noob/cod4/mods/opencj/z_opencj.iwd (32 files)
/home/noob/cod4/mods/opencj
/home/noob/cod4/usermaps/mp_the_extreme/mp_the_extreme.iwd (127 files)
/home/noob/cod4/usermaps/mp_the_extreme
/home/noob/cod4/main/iw_13.iwd (265 files)
/home/noob/cod4/main/iw_12.iwd (33 files)
/home/noob/cod4/main/iw_11.iwd (448 files)
/home/noob/cod4/main/iw_10.iwd (230 files)
/home/noob/cod4/main/iw_09.iwd (447 files)
/home/noob/cod4/main/iw_08.iwd (66 files)
/home/noob/cod4/main/iw_07.iwd (34 files)
/home/noob/cod4/main/iw_06.iwd (416 files)
/home/noob/cod4/main/iw_05.iwd (716 files)
/home/noob/cod4/main/iw_04.iwd (765 files)
/home/noob/cod4/main/iw_03.iwd (670 files)
/home/noob/cod4/main/iw_02.iwd (1296 files)
/home/noob/cod4/main/iw_01.iwd (1456 files)
/home/noob/cod4/main/iw_00.iwd (1054 files)
/home/noob/cod4/main
/home/noob/cod4/main_shared
/home/noob/cod4/players
/home/noob/cod4/main/localized_english_iw99.iwd (36 files)
    localized assets iwd file for english

File Handles:
handle 1: qconsole.log
handle 3: enterleave.log
----------------------
8091 files in iwd files
Unloading assets from fastfile 'mp_the_extreme' and creating default assets stubs
Unloaded fastfile 'mp_the_extreme'
PMem_Free( mp_the_extreme, Low )
^2freed 4038.22
PMem_Free( mp_the_extreme, High )
Adding fastfile 'mp_the_extreme' to queue
Loading fastfile 'mp_the_extreme'
used 28.88 MB memory in DB alloc
Waited 345 msec for asset 'maps/mp/mp_the_extreme.d3dbsp' of type 'col_map_mp'.
------- Game Initialization -------
gamename: Call of Duty 4
gamedate: Feb 12 2009
^2----------------------
^2Game: G_SetupWeaponDef
^2----------------------
fs_ignoreLocalized is cheat protected.
fs_ignoreLocalized is cheat protected.
Loaded fastfile 'mp_the_extreme' in 376ms (0ms waiting)
^2Notice: Could not find label 'CodeCallback_ScriptCommand' in script 'maps/mp/gametypes/_callbacksetup' - this part will be disabled
^2c4_mp: WEAPON_C4
^2flash_grenade_mp: WEAPON_FLASHGRENADE
-----------------------------------
gsc_mysql_async_initializer() async mysql already initialized. Returning before adding additional connections
^3Warning: WARNING: unknown cvar 'bg_shock_volume_physics' in file 'shock/default.shock'
^3Warning: WARNING: unknown cvar 'bg_shock_volume_auto' in file 'shock/default.shock'
^3Warning: WARNING: unknown cvar 'bg_shock_volume_auto2' in file 'shock/default.shock'
^3Warning: WARNING: unknown cvar 'bg_shock_volume_autodog' in file 'shock/default.shock'
^3Warning: WARNING: unknown cvar 'bg_shock_volume_bulletimpact' in file 'shock/default.shock'
^3Warning: WARNING: unknown cvar 'bg_shock_volume_bulletwhizby' in file 'shock/default.shock'
^3Warning: WARNING: unknown cvar 'bg_shock_volume_element' in file 'shock/default.shock'
^3Warning: WARNING: unknown cvar 'bg_shock_volume_auto2d' in file 'shock/default.shock'
^3Warning: WARNING: unknown cvar 'bg_shock_volume_vehicle' in file 'shock/default.shock'
^3Warning: WARNING: unknown cvar 'bg_shock_volume_vehiclelimited' in file 'shock/default.shock'
^3Warning: WARNING: unknown cvar 'bg_shock_volume_menu' in file 'shock/default.shock'
^3Warning: WARNING: unknown cvar 'bg_shock_volume_body' in file 'shock/default.shock'
^3Warning: WARNING: unknown cvar 'bg_shock_volume_body2d' in file 'shock/default.shock'
^3Warning: WARNING: unknown cvar 'bg_shock_volume_reload' in file 'shock/default.shock'
^3Warning: WARNING: unknown cvar 'bg_shock_volume_reload2d' in file 'shock/default.shock'
^3Warning: WARNING: unknown cvar 'bg_shock_volume_item' in file 'shock/default.shock'
^3Warning: WARNING: unknown cvar 'bg_shock_volume_effects1' in file 'shock/default.shock'
^3Warning: WARNING: unknown cvar 'bg_shock_volume_effects2' in file 'shock/default.shock'
^3Warning: WARNING: unknown cvar 'bg_shock_volume_weapon' in file 'shock/default.shock'
^3Warning: WARNING: unknown cvar 'bg_shock_volume_weapon2d' in file 'shock/default.shock'
^3Warning: WARNING: unknown cvar 'bg_shock_volume_nonshock' in file 'shock/default.shock'
^3Warning: WARNING: unknown cvar 'bg_shock_volume_voice' in file 'shock/default.shock'
^3Warning: WARNING: unknown cvar 'bg_shock_volume_local' in file 'shock/default.shock'
^3Warning: WARNING: unknown cvar 'bg_shock_volume_local2' in file 'shock/default.shock'
^3Warning: WARNING: unknown cvar 'bg_shock_volume_ambient' in file 'shock/default.shock'
^3Warning: WARNING: unknown cvar 'bg_shock_volume_hurt' in file 'shock/default.shock'
^3Warning: WARNING: unknown cvar 'bg_shock_volume_player1' in file 'shock/default.shock'
^3Warning: WARNING: unknown cvar 'bg_shock_volume_player2' in file 'shock/default.shock'
^3Warning: WARNING: unknown cvar 'bg_shock_volume_music' in file 'shock/default.shock'
^3Warning: WARNING: unknown cvar 'bg_shock_volume_musicnopause' in file 'shock/default.shock'
^3Warning: WARNING: unknown cvar 'bg_shock_volume_mission' in file 'shock/default.shock'
^3Warning: WARNING: unknown cvar 'bg_shock_volume_announcer' in file 'shock/default.shock'
^3Warning: WARNING: unknown cvar 'bg_shock_volume_shellshock' in file 'shock/default.shock'
clientSideEffects is read only.
By using this software you agree to the usage conditions you can find at https://github.com/callofduty4x/CoD4x_Server#usage-conditions-for-server-hosters
-----------------------------------
^4Calculate referenced files checksums...
^4CRC32 for usermaps/mp_the_extreme/mp_the_extreme.iwd is c36131ef Len 59559037
^4CRC32 for mods/opencj/z_opencj.iwd is 35285612 Len 442156
^4CRC32 for main/iw_11.iwd is e9cf411f Len 151420446
^4CRC32 for zone/english/code_post_gfx_mp.ff is b144581c Len 89196
^4CRC32 for zone/english/common_mp.ff is 4ef7a074 Len 13517381
^4CRC32 for mods/opencj/mod.ff is ee1e6cd8 Len 885241
^4CRC32 for usermaps/mp_the_extreme/mp_the_extreme.ff is 75cab935 Len 26936012
^4CRC32 for usermaps/mp_the_extreme/mp_the_extreme_load.ff is 823454ea Len 273
^5Hitch warning: 889 msec frame time
Sending master heartbeat from 0.0.0.0:28962 to 188.165.57.239:20810
Sending master heartbeat from 0.0.0.0:28962 to 84.21.7.14:20810
sv_authtoken is invalid! Abandoning master server registration
Sending master heartbeat from [::]:28962 to [2a02:730:1220::187]:20810
^3Warning: NET_TCPOpenConnection: connect error: Network is unreachable
sv_authtoken is invalid! Abandoning master server registration
Sending master heartbeat from [::]:28962 to [2001:41d0:a:37ad::17]:20810
^3Warning: NET_TCPOpenConnection: connect error: Network is unreachable
^2SV_ExecuteReliableMessage() cmd: 9
Received packet 0 of stats data
^2^2Processed 8201 bytes for client 3xP' Noob
^2SV_SendClientGameState() for 3xP' Noob
^2Going from CS_CONNECTED to CS_PRIMED for 3xP' Noob
^2Sending 35169 bytes in gamestate to client: 0
^2SV packet 182.186.108.93:28960: getinfo xxx
^2SV packet 196.188.243.242:27879: getinfo xxx
^2clientCommand: 3xP' Noob : 15 : cp @ L0 250627 981708812 1317865123 -922427042 -1430536554 -434778717 1869483156 -219399615 698141855 -1359785872 463019574 -875456298 1870318228 -1212896459 649820002 -1762866920 # code_post_gfx_mp -638900093 localized_code_post_gfx_mp -1282409487 mod -1139465611 common_mp 1081330565 localized_common_mp 1091218866 mp_the_extreme_load -1485109902 mp_the_extreme -168440401 -702642143
Bad checksum -922427042 Localization: 0
My name: 3xP' Noob My cp: cp @ L0 250627 981708812 1317865123 -922427042 -1430536554 -434778717 1869483156 -219399615 698141855 -1359785872 463019574 -875456298 1870318228 -1212896459 649820002 -1762866920 # code_post_gfx_mp -638900093 localized_code_post_gfx_mp -1282409487 mod -1139465611 common_mp 1081330565 localized_common_mp 1091218866 mp_the_extreme_load -1485109902 mp_the_extreme -168440401 -702642143
^2Going from CS_PRIMED to CS_ACTIVE for 3xP' Noob
playerInformation query:
SELECT playerID, adminLevel, IF(mutedUntil < NOW(), NULL, TIMESTAMPDIFF(SECOND, NOW(), mutedUntil)) FROM playerInformation WHERE playerID = (SELECT getPlayerID(1040316261, 2033932784, 916306375, -1085096333))
Country query:
SELECT getCountry(INET_ATON('80.169.196.174'))
^2clientCommand: 3xP' Noob : 16 : userinfo "\cg_predictItems\1\cl_anonymous\0\cl_punkbuster\0\cl_voice\0\cl_wwwDownload\1\com_maxfps\333\password\opencjpass\rate\24999\snaps\20\name\3xP' Noob"
getRecords query:
SELECT c.playerName, b.timePlayed FROM (SELECT timePlayed, runID, playerID FROM (SELECT  @prev := '') init JOIN (SELECT playerID != @prev AS first, @prev := playerID, timePlayed, runID, playerID FROM (SELECT cs.timePlayed, pr.runID, pr.playerID FROM checkpointStatistics cs INNER JOIN playerRuns pr ON pr.runID = cs.runID WHERE cs.cpID IN (NULL, 30310, 30329, 30354) AND pr.finishcpID IS NOT NULL AND cs.runID != 4780) a ORDER BY playerID, timePlayed ASC) x WHERE first ORDER BY timePlayed ASC LIMIT 10) b INNER JOIN playerInformation c ON c.playerID = b.playerID
getRecords query:
SELECT c.playerName, b.timePlayed FROM (SELECT timePlayed, runID, playerID FROM (SELECT  @prev := '') init JOIN (SELECT playerID != @prev AS first, @prev := playerID, timePlayed, runID, playerID FROM (SELECT cs.timePlayed, pr.runID, pr.playerID FROM checkpointStatistics cs INNER JOIN playerRuns pr ON pr.runID = cs.runID WHERE cs.cpID IN (NULL, 30310, 30329, 30354) AND pr.finishcpID IS NOT NULL AND cs.runID != 4780) a ORDER BY playerID, timePlayed ASC) x WHERE first ORDER BY timePlayed ASC LIMIT 10) b INNER JOIN playerInformation c ON c.playerID = b.playerID
^2clientCommand: 3xP' Noob : 17 : mr 250627 -1 save
savePosition query:
SELECT savePosition(4780, 1, -2603.693115, -227.820587, 4096.125, 15, -28, 0, 3650, 1, 0, 0, 0, 0, NULL, 'mix', 0, NULL, NULL)
^2clientCommand: 3xP' Noob : 18 : mr 250627 -1 load
^2clientCommand: 3xP' Noob : 19 : disconnect
Player 3xP' Noob^7, 0 dropped: EXE_DISCONNECTED
^2SV_FreeClientScriptId: 0, 1488 -> 0
^2Going to CS_ZOMBIE for 3xP' Noob
^2SV packet 80.169.196.174:28960: getchallenge 0 "8b5dcf0de46836e9f60e35b458b554fb"
Sending master heartbeat from 0.0.0.0:28962 to 84.21.7.14:20810
Sending master heartbeat from 0.0.0.0:28962 to 188.165.57.239:20810
^2SV packet 80.169.196.174:28960: connect "\pbguid\8b5dcf0de46836e9f60e35b458b554fb\xver\21.1\qport\-14882\challenge\-204342186\protocol\21\cg_predictItems\1\cl_anonymous\0\cl_punkbuster\0\cl_voice\0\cl_wwwDownload\1\com_maxfps\333\password\opencjpass\rate\24999\snaps\20\name\3xP' Noob"
reconnected: 80.169.196.174:28960
Going from CS_FREE to CS_CONNECTED for 3xP' Noob num 0 from: 80.169.196.174:28960<=>0.0.0.0:28962
sv_authtoken is invalid! Abandoning master server registration
Sending master heartbeat from [::]:28962 to [2001:41d0:a:37ad::17]:20810
^3Warning: NET_TCPOpenConnection: connect error: Network is unreachable
sv_authtoken is invalid! Abandoning master server registration
Sending master heartbeat from [::]:28962 to [2a02:730:1220::187]:20810
^3Warning: NET_TCPOpenConnection: connect error: Network is unreachable
^2SV_ExecuteReliableMessage() cmd: 8
^2^2Processed 71 bytes for client 3xP' Noob
^2SV_ExecuteReliableMessage() cmd: 8
^2Info: Client has Steam installed but it isn't running.
^2^2Processed 6 bytes for client 3xP' Noob
^2SV_ExecuteReliableMessage() cmd: 9
Received packet 0 of stats data
^2^2Processed 8201 bytes for client 3xP' Noob
^2SV_SendClientGameState() for 3xP' Noob
^2Going from CS_CONNECTED to CS_PRIMED for 3xP' Noob
^2Sending 35169 bytes in gamestate to client: 0
^2clientCommand: 3xP' Noob : 1 : cp @ L0 250627 981708812 1317865123 -922427042 -1430536554 -434778717 1869483156 -219399615 698141855 -1359785872 463019574 -875456298 1870318228 -1212896459 649820002 -1762866920 # code_post_gfx_mp -638900093 localized_code_post_gfx_mp -1282409487 mod -1139465611 common_mp 1081330565 localized_common_mp 1091218866 mp_the_extreme_load -1485109902 mp_the_extreme -168440401 -702642143
Bad checksum -922427042 Localization: 0
My name: 3xP' Noob My cp: cp @ L0 250627 981708812 1317865123 -922427042 -1430536554 -434778717 1869483156 -219399615 698141855 -1359785872 463019574 -875456298 1870318228 -1212896459 649820002 -1762866920 # code_post_gfx_mp -638900093 localized_code_post_gfx_mp -1282409487 mod -1139465611 common_mp 1081330565 localized_common_mp 1091218866 mp_the_extreme_load -1485109902 mp_the_extreme -168440401 -702642143
^2Going from CS_PRIMED to CS_ACTIVE for 3xP' Noob
playerInformation query:
SELECT playerID, adminLevel, IF(mutedUntil < NOW(), NULL, TIMESTAMPDIFF(SECOND, NOW(), mutedUntil)) FROM playerInformation WHERE playerID = (SELECT getPlayerID(1040316261, 2033932784, 916306375, -1085096333))
Country query:
SELECT getCountry(INET_ATON('80.169.196.174'))
^2clientCommand: 3xP' Noob : 2 : userinfo "\cg_predictItems\1\cl_anonymous\0\cl_punkbuster\0\cl_voice\0\cl_wwwDownload\1\com_maxfps\333\password\opencjpass\rate\24999\snaps\20\name\3xP' Noob"
getRecords query:
SELECT c.playerName, b.timePlayed FROM (SELECT timePlayed, runID, playerID FROM (SELECT  @prev := '') init JOIN (SELECT playerID != @prev AS first, @prev := playerID, timePlayed, runID, playerID FROM (SELECT cs.timePlayed, pr.runID, pr.playerID FROM checkpointStatistics cs INNER JOIN playerRuns pr ON pr.runID = cs.runID WHERE cs.cpID IN (NULL, 30310, 30329, 30354) AND pr.finishcpID IS NOT NULL AND cs.runID != 4781) a ORDER BY playerID, timePlayed ASC) x WHERE first ORDER BY timePlayed ASC LIMIT 10) b INNER JOIN playerInformation c ON c.playerID = b.playerID
getRecords query:
SELECT c.playerName, b.timePlayed FROM (SELECT timePlayed, runID, playerID FROM (SELECT  @prev := '') init JOIN (SELECT playerID != @prev AS first, @prev := playerID, timePlayed, runID, playerID FROM (SELECT cs.timePlayed, pr.runID, pr.playerID FROM checkpointStatistics cs INNER JOIN playerRuns pr ON pr.runID = cs.runID WHERE cs.cpID IN (NULL, 30310, 30329, 30354) AND pr.finishcpID IS NOT NULL AND cs.runID != 4781) a ORDER BY playerID, timePlayed ASC) x WHERE first ORDER BY timePlayed ASC LIMIT 10) b INNER JOIN playerInformation c ON c.playerID = b.playerID
^2SV packet 90.188.244.55:2706: getinfo xxx
^2clientCommand: 3xP' Noob : 3 : say "!smallcrosshair"

3xP' Noob is trying to executing command: "smallcrosshair"
setPlayerSetting query:
CALL setPlayerSetting(25, 'smallcrosshair', '0')
^2clientCommand: 3xP' Noob : 4 : disconnect
Player 3xP' Noob^7, 0 dropped: EXE_DISCONNECTED
^2SV_FreeClientScriptId: 0, 723 -> 0
^2Going to CS_ZOMBIE for 3xP' Noob
^2SV packet 80.169.196.174:28960: getchallenge 0 "8b5dcf0de46836e9f60e35b458b554fb"
Sending master heartbeat from 0.0.0.0:28962 to 84.21.7.14:20810
Sending master heartbeat from 0.0.0.0:28962 to 188.165.57.239:20810
^2SV packet 80.169.196.174:28960: connect "\pbguid\8b5dcf0de46836e9f60e35b458b554fb\xver\21.1\qport\-14882\challenge\-204342186\protocol\21\cg_predictItems\1\cl_anonymous\0\cl_punkbuster\0\cl_voice\0\cl_wwwDownload\1\com_maxfps\333\password\opencjpass\rate\24999\snaps\20\name\3xP' Noob"
reconnected: 80.169.196.174:28960
Going from CS_FREE to CS_CONNECTED for 3xP' Noob num 0 from: 80.169.196.174:28960<=>0.0.0.0:28962
sv_authtoken is invalid! Abandoning master server registration
Sending master heartbeat from [::]:28962 to [2001:41d0:a:37ad::17]:20810
^3Warning: NET_TCPOpenConnection: connect error: Network is unreachable
sv_authtoken is invalid! Abandoning master server registration
Sending master heartbeat from [::]:28962 to [2a02:730:1220::187]:20810
^3Warning: NET_TCPOpenConnection: connect error: Network is unreachable
^2SV_ExecuteReliableMessage() cmd: 8
^2^2Processed 71 bytes for client 3xP' Noob
^2SV_ExecuteReliableMessage() cmd: 8
^2Info: Client has Steam installed but it isn't running.
^2^2Processed 6 bytes for client 3xP' Noob
^2SV packet 46.159.42.13:28960: getinfo xxx
^2SV_ExecuteReliableMessage() cmd: 9
Received packet 0 of stats data
^2^2Processed 8201 bytes for client 3xP' Noob
^2SV_SendClientGameState() for 3xP' Noob
^2Going from CS_CONNECTED to CS_PRIMED for 3xP' Noob
^2Sending 35169 bytes in gamestate to client: 0
^2SV packet 78.46.106.94:48452: getstatus
^2SV packet 37.238.36.34:58337: getinfo xxx
^2clientCommand: 3xP' Noob : 1 : cp @ L0 250627 981708812 1317865123 -922427042 -1430536554 -434778717 1869483156 -219399615 698141855 -1359785872 463019574 -875456298 1870318228 -1212896459 649820002 -1762866920 # code_post_gfx_mp -638900093 localized_code_post_gfx_mp -1282409487 mod -1139465611 common_mp 1081330565 localized_common_mp 1091218866 mp_the_extreme_load -1485109902 mp_the_extreme -168440401 -702642143
Bad checksum -922427042 Localization: 0
My name: 3xP' Noob My cp: cp @ L0 250627 981708812 1317865123 -922427042 -1430536554 -434778717 1869483156 -219399615 698141855 -1359785872 463019574 -875456298 1870318228 -1212896459 649820002 -1762866920 # code_post_gfx_mp -638900093 localized_code_post_gfx_mp -1282409487 mod -1139465611 common_mp 1081330565 localized_common_mp 1091218866 mp_the_extreme_load -1485109902 mp_the_extreme -168440401 -702642143
^2Going from CS_PRIMED to CS_ACTIVE for 3xP' Noob
playerInformation query:
SELECT playerID, adminLevel, IF(mutedUntil < NOW(), NULL, TIMESTAMPDIFF(SECOND, NOW(), mutedUntil)) FROM playerInformation WHERE playerID = (SELECT getPlayerID(1040316261, 2033932784, 916306375, -1085096333))
Country query:
SELECT getCountry(INET_ATON('80.169.196.174'))
^2clientCommand: 3xP' Noob : 2 : userinfo "\cg_predictItems\1\cl_anonymous\0\cl_punkbuster\0\cl_voice\0\cl_wwwDownload\1\com_maxfps\333\password\opencjpass\rate\24999\snaps\20\name\3xP' Noob"
getRecords query:
SELECT c.playerName, b.timePlayed FROM (SELECT timePlayed, runID, playerID FROM (SELECT  @prev := '') init JOIN (SELECT playerID != @prev AS first, @prev := playerID, timePlayed, runID, playerID FROM (SELECT cs.timePlayed, pr.runID, pr.playerID FROM checkpointStatistics cs INNER JOIN playerRuns pr ON pr.runID = cs.runID WHERE cs.cpID IN (NULL, 30310, 30329, 30354) AND pr.finishcpID IS NOT NULL AND cs.runID != 4782) a ORDER BY playerID, timePlayed ASC) x WHERE first ORDER BY timePlayed ASC LIMIT 10) b INNER JOIN playerInformation c ON c.playerID = b.playerID
getRecords query:
SELECT c.playerName, b.timePlayed FROM (SELECT timePlayed, runID, playerID FROM (SELECT  @prev := '') init JOIN (SELECT playerID != @prev AS first, @prev := playerID, timePlayed, runID, playerID FROM (SELECT cs.timePlayed, pr.runID, pr.playerID FROM checkpointStatistics cs INNER JOIN playerRuns pr ON pr.runID = cs.runID WHERE cs.cpID IN (NULL, 30310, 30329, 30354) AND pr.finishcpID IS NOT NULL AND cs.runID != 4782) a ORDER BY playerID, timePlayed ASC) x WHERE first ORDER BY timePlayed ASC LIMIT 10) b INNER JOIN playerInformation c ON c.playerID = b.playerID
^2SV packet 195.155.189.233:28960: getinfo xxx
^2SV packet 87.252.225.187:28960: getinfo xxx
Received signal: Interrupt, exiting...
Server received signal: Interrupt
Shutting down server...
----- Server Shutdown -----

With the reason: 
Server received signal: Interrupt
Terminating server...
==== ShutdownGame (1) ====
Sending master heartbeat from 0.0.0.0:28962 to 84.21.7.14:20810
^2SV_FreeClientScriptId: 0, 492 -> 0
^2SV_FreeClientScriptPers: 0, 0 -> 492
Sending master heartbeat from 0.0.0.0:28962 to 188.165.57.239:20810
Player 3xP' Noob^7, 0 dropped: EXE_DISCONNECTED
^2SV_FreeClientScriptId: 0, 492 -> 0
^2Going to CS_ZOMBIE for 3xP' Noob
---------------------------
